  Camera.cpp
  Robot3D.cpp
C:\Users\WINDOWS\Documents\GitHub\511OpenGL\511OpenGL\511OpenGL\Robot3D.cpp(24,17): warning C4244: 'initializing': conversion from 'double' to 'float', possible loss of data
C:\Users\WINDOWS\Documents\GitHub\511OpenGL\511OpenGL\511OpenGL\Robot3D.cpp(27,22): warning C4244: 'initializing': conversion from 'double' to 'float', possible loss of data
C:\Users\WINDOWS\Documents\GitHub\511OpenGL\511OpenGL\511OpenGL\Robot3D.cpp(28,21): warning C4244: 'initializing': conversion from 'double' to 'float', possible loss of data
C:\Users\WINDOWS\Documents\GitHub\511OpenGL\511OpenGL\511OpenGL\Robot3D.cpp(29,17): warning C4244: 'initializing': conversion from 'double' to 'float', possible loss of data
C:\Users\WINDOWS\Documents\GitHub\511OpenGL\511OpenGL\511OpenGL\Robot3D.cpp(32,17): warning C4244: 'initializing': conversion from 'double' to 'float', possible loss of data
C:\Users\WINDOWS\Documents\GitHub\511OpenGL\511OpenGL\511OpenGL\Robot3D.cpp(33,16): warning C4244: 'initializing': conversion from 'double' to 'float', possible loss of data
C:\Users\WINDOWS\Documents\GitHub\511OpenGL\511OpenGL\511OpenGL\Robot3D.cpp(35,23): warning C4244: 'initializing': conversion from 'double' to 'float', possible loss of data
C:\Users\WINDOWS\Documents\GitHub\511OpenGL\511OpenGL\511OpenGL\Robot3D.cpp(37,18): warning C4244: 'initializing': conversion from 'double' to 'float', possible loss of data
C:\Users\WINDOWS\Documents\GitHub\511OpenGL\511OpenGL\511OpenGL\Robot3D.cpp(180,18): warning C4305: 'initializing': truncation from 'double' to 'float'
C:\Users\WINDOWS\Documents\GitHub\511OpenGL\511OpenGL\511OpenGL\Robot3D.cpp(289,37): warning C4244: 'argument': conversion from 'double' to 'GLfloat', possible loss of data
C:\Users\WINDOWS\Documents\GitHub\511OpenGL\511OpenGL\511OpenGL\Robot3D.cpp(293,54): warning C4244: 'argument': conversion from 'double' to 'GLfloat', possible loss of data
C:\Users\WINDOWS\Documents\GitHub\511OpenGL\511OpenGL\511OpenGL\Robot3D.cpp(293,34): warning C4244: 'argument': conversion from 'double' to 'GLfloat', possible loss of data
C:\Users\WINDOWS\Documents\GitHub\511OpenGL\511OpenGL\511OpenGL\Robot3D.cpp(293,14): warning C4244: 'argument': conversion from 'double' to 'GLfloat', possible loss of data
C:\Users\WINDOWS\Documents\GitHub\511OpenGL\511OpenGL\511OpenGL\Robot3D.cpp(310,15): warning C4244: 'argument': conversion from 'double' to 'GLfloat', possible loss of data
C:\Users\WINDOWS\Documents\GitHub\511OpenGL\511OpenGL\511OpenGL\Robot3D.cpp(377,36): warning C4244: 'argument': conversion from 'double' to 'GLfloat', possible loss of data
C:\Users\WINDOWS\Documents\GitHub\511OpenGL\511OpenGL\511OpenGL\Robot3D.cpp(476,14): warning C4305: 'argument': truncation from 'double' to 'const float'
C:\Users\WINDOWS\Documents\GitHub\511OpenGL\511OpenGL\511OpenGL\Robot3D.cpp(478,8): warning C4305: 'argument': truncation from 'double' to 'const float'
C:\Users\WINDOWS\Documents\GitHub\511OpenGL\511OpenGL\511OpenGL\Robot3D.cpp(480,8): warning C4305: 'argument': truncation from 'double' to 'const float'
  Generating Code...
  511OpenGL.vcxproj -> C:\Users\WINDOWS\Documents\GitHub\511OpenGL\511OpenGL\x64\Debug\511OpenGL.exe
  'pwsh.exe' is not recognized as an internal or external command,
  operable program or batch file.
  The system cannot execute the specified program.
C:\Program Files\Microsoft Visual Studio\2022\Community\MSBuild\Microsoft\VC\v170\Microsoft.CppCommon.targets(166,5): error MSB3073: The command "C:\Users\WINDOWS\Documents\GitHub\511OpenGL\511OpenGL\Dependencies\freeglut\bin\x64\freeglut.dll C:\Users\WINDOWS\Documents\GitHub\511OpenGL\511OpenGL\x64\Debug\
C:\Program Files\Microsoft Visual Studio\2022\Community\MSBuild\Microsoft\VC\v170\Microsoft.CppCommon.targets(166,5): error MSB3073: :VCEnd" exited with code 9020.
